This file contains any messages produced by compilers while
running configure, to aid debugging if configure makes a mistake.

It was created by WeeChat configure 0.1, which was
generated by GNU Autoconf 2.69.  Invocation command line was

  $ ./configure 

## --------- ##
## Platform. ##
## --------- ##

hostname = mt420-fedora
uname -m = x86_64
uname -r = 4.13.12-300.fc27.x86_64
uname -s = Linux
uname -v = #1 SMP Wed Nov 8 16:38:01 UTC 2017

/usr/bin/uname -p = x86_64
/bin/uname -X     = unknown

/bin/arch              = x86_64
/usr/bin/arch -k       = unknown
/usr/convex/getsysinfo = unknown
/usr/bin/hostinfo      = unknown
/bin/machine           = unknown
/usr/bin/oslevel       = unknown
/bin/universe          = unknown

PATH: /usr/lib64/ccache
PATH: /usr/local/bin
PATH: /usr/local/sbin
PATH: /usr/bin
PATH: /usr/sbin
PATH: /home/marko/.local/bin
PATH: /home/marko/bin


## ----------- ##
## Core tests. ##
## ----------- ##

configure:1986: checking for a BSD-compatible install
configure:2054: result: /usr/bin/install -c
configure:2065: checking whether build environment is sane
configure:2120: result: yes
configure:2271: checking for a thread-safe mkdir -p
configure:2310: result: /usr/bin/mkdir -p
configure:2317: checking for gawk
configure:2333: found /usr/bin/gawk
configure:2344: result: gawk
configure:2355: checking whether make sets $(MAKE)
configure:2377: result: yes
configure:2406: checking whether make supports nested variables
configure:2423: result: yes
configure:2550: checking whether make sets $(MAKE)
configure:2572: result: yes
configure:2639: checking for g++
configure:2655: found /usr/lib64/ccache/g++
configure:2666: result: g++
configure:2693: checking for C++ compiler version
configure:2702: g++ --version >&5
g++ (GCC) 7.2.1 20170915 (Red Hat 7.2.1-2)
Copyright (C) 2017 Free Software Foundation, Inc.
This is free software; see the source for copying conditions.  There is NO
warranty; not even for MERCHANTABILITY or FITNESS FOR A PARTICULAR PURPOSE.

configure:2713: $? = 0
configure:2702: g++ -v >&5
Using built-in specs.
COLLECT_GCC=/usr/bin/g++
COLLECT_LTO_WRAPPER=/usr/libexec/gcc/x86_64-redhat-linux/7/lto-wrapper
OFFLOAD_TARGET_NAMES=nvptx-none
OFFLOAD_TARGET_DEFAULT=1
Target: x86_64-redhat-linux
Configured with: ../configure --enable-bootstrap --enable-languages=c,c++,objc,obj-c++,fortran,ada,go,lto --prefix=/usr --mandir=/usr/share/man --infodir=/usr/share/info --with-bugurl=http://bugzilla.redhat.com/bugzilla --enable-shared --enable-threads=posix --enable-checking=release --enable-multilib --with-system-zlib --enable-__cxa_atexit --disable-libunwind-exceptions --enable-gnu-unique-object --enable-linker-build-id --with-gcc-major-version-only --with-linker-hash-style=gnu --enable-plugin --enable-initfini-array --with-isl --enable-libmpx --enable-offload-targets=nvptx-none --without-cuda-driver --enable-gnu-indirect-function --with-tune=generic --with-arch_32=i686 --build=x86_64-redhat-linux
Thread model: posix
gcc version 7.2.1 20170915 (Red Hat 7.2.1-2) (GCC) 
configure:2713: $? = 0
configure:2702: g++ -V >&5
g++: error: unrecognized command line option '-V'
g++: fatal error: no input files
compilation terminated.
configure:2713: $? = 1
configure:2702: g++ -qversion >&5
g++: error: unrecognized command line option '-qversion'; did you mean '--version'?
g++: fatal error: no input files
compilation terminated.
configure:2713: $? = 1
configure:2733: checking whether the C++ compiler works
configure:2755: g++    conftest.cpp  >&5
configure:2759: $? = 0
configure:2807: result: yes
configure:2810: checking for C++ compiler default output file name
configure:2812: result: a.out
configure:2818: checking for suffix of executables
configure:2825: g++ -o conftest    conftest.cpp  >&5
configure:2829: $? = 0
configure:2851: result: 
configure:2873: checking whether we are cross compiling
configure:2881: g++ -o conftest    conftest.cpp  >&5
configure:2885: $? = 0
configure:2892: ./conftest
configure:2896: $? = 0
configure:2911: result: no
configure:2916: checking for suffix of object files
configure:2938: g++ -c   conftest.cpp >&5
configure:2942: $? = 0
configure:2963: result: o
configure:2967: checking whether we are using the GNU C++ compiler
configure:2986: g++ -c   conftest.cpp >&5
configure:2986: $? = 0
configure:2995: result: yes
configure:3004: checking whether g++ accepts -g
configure:3024: g++ -c -g  conftest.cpp >&5
configure:3024: $? = 0
configure:3065: result: yes
configure:3099: checking for style of include used by make
configure:3127: result: GNU
configure:3153: checking dependency style of g++
configure:3264: result: gcc3
configure:3340: checking for pkg-config
configure:3358: found /usr/bin/pkg-config
configure:3370: result: /usr/bin/pkg-config
configure:3395: checking pkg-config is at least version 0.9.0
configure:3398: result: yes
configure:3413: checking build system type
configure:3427: result: x86_64-pc-linux-gnu
configure:3447: checking host system type
configure:3460: result: x86_64-pc-linux-gnu
configure:3619: checking for boostlib >= 1.53 (105300)
configure:3651: g++ -c -g -O2  -I/usr/include conftest.cpp >&5
configure:3651: $? = 0
configure:3653: result: yes
configure:3861: checking for gcc
configure:3877: found /usr/lib64/ccache/gcc
configure:3888: result: gcc
configure:4117: checking for C compiler version
configure:4126: gcc --version >&5
gcc (GCC) 7.2.1 20170915 (Red Hat 7.2.1-2)
Copyright (C) 2017 Free Software Foundation, Inc.
This is free software; see the source for copying conditions.  There is NO
warranty; not even for MERCHANTABILITY or FITNESS FOR A PARTICULAR PURPOSE.

configure:4137: $? = 0
configure:4126: gcc -v >&5
Using built-in specs.
COLLECT_GCC=/usr/bin/gcc
COLLECT_LTO_WRAPPER=/usr/libexec/gcc/x86_64-redhat-linux/7/lto-wrapper
OFFLOAD_TARGET_NAMES=nvptx-none
OFFLOAD_TARGET_DEFAULT=1
Target: x86_64-redhat-linux
Configured with: ../configure --enable-bootstrap --enable-languages=c,c++,objc,obj-c++,fortran,ada,go,lto --prefix=/usr --mandir=/usr/share/man --infodir=/usr/share/info --with-bugurl=http://bugzilla.redhat.com/bugzilla --enable-shared --enable-threads=posix --enable-checking=release --enable-multilib --with-system-zlib --enable-__cxa_atexit --disable-libunwind-exceptions --enable-gnu-unique-object --enable-linker-build-id --with-gcc-major-version-only --with-linker-hash-style=gnu --enable-plugin --enable-initfini-array --with-isl --enable-libmpx --enable-offload-targets=nvptx-none --without-cuda-driver --enable-gnu-indirect-function --with-tune=generic --with-arch_32=i686 --build=x86_64-redhat-linux
Thread model: posix
gcc version 7.2.1 20170915 (Red Hat 7.2.1-2) (GCC) 
configure:4137: $? = 0
configure:4126: gcc -V >&5
gcc: error: unrecognized command line option '-V'
gcc: fatal error: no input files
compilation terminated.
configure:4137: $? = 1
configure:4126: gcc -qversion >&5
gcc: error: unrecognized command line option '-qversion'; did you mean '--version'?
gcc: fatal error: no input files
compilation terminated.
configure:4137: $? = 1
configure:4141: checking whether we are using the GNU C compiler
configure:4160: gcc -c   conftest.c >&5
configure:4160: $? = 0
configure:4169: result: yes
configure:4178: checking whether gcc accepts -g
configure:4198: gcc -c -g  conftest.c >&5
configure:4198: $? = 0
configure:4239: result: yes
configure:4256: checking for gcc option to accept ISO C89
configure:4319: gcc  -c -g -O2  conftest.c >&5
configure:4319: $? = 0
configure:4332: result: none needed
configure:4357: checking whether gcc understands -c and -o together
configure:4379: gcc -c conftest.c -o conftest2.o
configure:4382: $? = 0
configure:4379: gcc -c conftest.c -o conftest2.o
configure:4382: $? = 0
configure:4394: result: yes
configure:4413: checking dependency style of gcc
configure:4524: result: gcc3
configure:4571: checking whether the Boost::System library is available
configure:4596: g++ -c   -I/usr/include conftest.cpp >&5
configure:4596: $? = 0
configure:4611: result: yes
configure:4626: checking for exit in -lboost_system
configure:4651: g++ -o conftest -g -O2  -I/usr/include  -L/usr/lib64 conftest.cpp -lboost_system   >&5
conftest.cpp:20:6: warning: declaration of 'char exit()' conflicts with built-in declaration 'void exit(int)' [-Wbuiltin-declaration-mismatch]
 char exit ();
      ^~~~
configure:4651: $? = 0
configure:4661: result: yes
configure:4816: checking whether the Boost::Filesystem library is available
configure:4840: g++ -c -g -O2  -I/usr/include conftest.cpp >&5
configure:4840: $? = 0
configure:4854: result: yes
configure:4865: checking for exit in -lboost_filesystem
configure:4890: g++ -o conftest -g -O2  -I/usr/include  -L/usr/lib64 conftest.cpp -lboost_filesystem   -lboost_system >&5
conftest.cpp:21:6: warning: declaration of 'char exit()' conflicts with built-in declaration 'void exit(int)' [-Wbuiltin-declaration-mismatch]
 char exit ();
      ^~~~
configure:4890: $? = 0
configure:4900: result: yes
configure:5023: checking for WeeChat
configure:5032: $PKG_CONFIG --exists --print-errors "
	gtkmm-3.0
"
configure:5037: $? = 0
configure:5055: $PKG_CONFIG --exists --print-errors "
	gtkmm-3.0
"
configure:5060: $? = 0
configure:5126: result: yes
configure:5279: checking that generated files are newer than configure
configure:5285: result: done
configure:5312: creating ./config.status

## ---------------------- ##
## Running config.status. ##
## ---------------------- ##

This file was extended by WeeChat config.status 0.1, which was
generated by GNU Autoconf 2.69.  Invocation command line was

  CONFIG_FILES    = 
  CONFIG_HEADERS  = 
  CONFIG_LINKS    = 
  CONFIG_COMMANDS = 
  $ ./config.status 

on mt420-fedora

config.status:804: creating Makefile
config.status:804: creating data/Makefile
config.status:804: creating src/Makefile
config.status:976: executing depfiles commands

## ---------------- ##
## Cache variables. ##
## ---------------- ##

ac_cv_build=x86_64-pc-linux-gnu
ac_cv_c_compiler_gnu=yes
ac_cv_cxx_compiler_gnu=yes
ac_cv_env_CCC_set=
ac_cv_env_CCC_value=
ac_cv_env_CC_set=
ac_cv_env_CC_value=
ac_cv_env_CFLAGS_set=
ac_cv_env_CFLAGS_value=
ac_cv_env_CPPFLAGS_set=
ac_cv_env_CPPFLAGS_value=
ac_cv_env_CXXFLAGS_set=
ac_cv_env_CXXFLAGS_value=
ac_cv_env_CXX_set=
ac_cv_env_CXX_value=
ac_cv_env_LDFLAGS_set=
ac_cv_env_LDFLAGS_value=
ac_cv_env_LIBS_set=
ac_cv_env_LIBS_value=
ac_cv_env_PKG_CONFIG_LIBDIR_set=
ac_cv_env_PKG_CONFIG_LIBDIR_value=
ac_cv_env_PKG_CONFIG_PATH_set=
ac_cv_env_PKG_CONFIG_PATH_value=
ac_cv_env_PKG_CONFIG_set=
ac_cv_env_PKG_CONFIG_value=
ac_cv_env_WeeChat_CFLAGS_set=
ac_cv_env_WeeChat_CFLAGS_value=
ac_cv_env_WeeChat_LIBS_set=
ac_cv_env_WeeChat_LIBS_value=
ac_cv_env_build_alias_set=
ac_cv_env_build_alias_value=
ac_cv_env_host_alias_set=
ac_cv_env_host_alias_value=
ac_cv_env_target_alias_set=
ac_cv_env_target_alias_value=
ac_cv_host=x86_64-pc-linux-gnu
ac_cv_lib_boost_filesystem___exit=yes
ac_cv_lib_boost_system___exit=yes
ac_cv_objext=o
ac_cv_path_ac_pt_PKG_CONFIG=/usr/bin/pkg-config
ac_cv_path_install='/usr/bin/install -c'
ac_cv_path_mkdir=/usr/bin/mkdir
ac_cv_prog_AWK=gawk
ac_cv_prog_ac_ct_CC=gcc
ac_cv_prog_ac_ct_CXX=g++
ac_cv_prog_cc_c89=
ac_cv_prog_cc_g=yes
ac_cv_prog_cxx_g=yes
ac_cv_prog_make_make_set=yes
am_cv_CC_dependencies_compiler_type=gcc3
am_cv_CXX_dependencies_compiler_type=gcc3
am_cv_make_support_nested_variables=yes
am_cv_prog_cc_c_o=yes
ax_cv_boost_filesystem=yes
ax_cv_boost_system=yes
pkg_cv_WeeChat_CFLAGS='-I/usr/include/gtkmm-3.0 -I/usr/lib64/gtkmm-3.0/include -I/usr/include/atkmm-1.6 -I/usr/include/atk-1.0 -I/usr/include/glib-2.0 -I/usr/lib64/glib-2.0/include -I/usr/include/glibmm-2.4 -I/usr/lib64/glibmm-2.4/include -I/usr/include/sigc++-2.0 -I/usr/lib64/sigc++-2.0/include -I/usr/include/giomm-2.4 -I/usr/lib64/giomm-2.4/include -I/usr/include/pangomm-1.4 -I/usr/lib64/pangomm-1.4/include -I/usr/include/cairomm-1.0 -I/usr/lib64/cairomm-1.0/include -I/usr/include/cairo -I/usr/include/pixman-1 -I/usr/include/freetype2 -I/usr/include/libpng16 -I/usr/include/pango-1.0 -I/usr/include/harfbuzz -I/usr/include/gtk-3.0 -I/usr/include/gdk-pixbuf-2.0 -I/usr/include/gio-unix-2.0/ -I/usr/include/at-spi2-atk/2.0 -I/usr/include/at-spi-2.0 -I/usr/include/dbus-1.0 -I/usr/lib64/dbus-1.0/include -I/usr/include/gtk-3.0/unix-print -I/usr/include/gdkmm-3.0 -I/usr/lib64/gdkmm-3.0/include -pthread '
pkg_cv_WeeChat_LIBS='-lgtkmm-3.0 -latkmm-1.6 -lgdkmm-3.0 -lgiomm-2.4 -lpangomm-1.4 -lglibmm-2.4 -lgtk-3 -lgdk-3 -lpangocairo-1.0 -lpango-1.0 -latk-1.0 -lcairo-gobject -lgio-2.0 -lcairomm-1.0 -lcairo -lsigc-2.0 -lgdk_pixbuf-2.0 -lgobject-2.0 -lglib-2.0 '

## ----------------- ##
## Output variables. ##
## ----------------- ##

ACLOCAL='${SHELL} /home/marko/Desktop/WeeChat/aux-dist/missing aclocal-1.15'
AMDEPBACKSLASH='\'
AMDEP_FALSE='#'
AMDEP_TRUE=''
AMTAR='$${TAR-tar}'
AM_BACKSLASH='\'
AM_DEFAULT_V='$(AM_DEFAULT_VERBOSITY)'
AM_DEFAULT_VERBOSITY='1'
AM_V='$(V)'
AUTOCONF='${SHELL} /home/marko/Desktop/WeeChat/aux-dist/missing autoconf'
AUTOHEADER='${SHELL} /home/marko/Desktop/WeeChat/aux-dist/missing autoheader'
AUTOMAKE='${SHELL} /home/marko/Desktop/WeeChat/aux-dist/missing automake-1.15'
AWK='gawk'
BOOST_CPPFLAGS='-I/usr/include'
BOOST_FILESYSTEM_LIB='-lboost_filesystem'
BOOST_LDFLAGS='-L/usr/lib64'
BOOST_SYSTEM_LIB='-lboost_system'
CC='gcc'
CCDEPMODE='depmode=gcc3'
CFLAGS='-g -O2'
CPPFLAGS=''
CXX='g++'
CXXDEPMODE='depmode=gcc3'
CXXFLAGS='-g -O2'
CYGPATH_W='echo'
DEFS='-DPACKAGE_NAME=\"WeeChat\" -DPACKAGE_TARNAME=\"weechat\" -DPACKAGE_VERSION=\"0.1\" -DPACKAGE_STRING=\"WeeChat\ 0.1\" -DPACKAGE_BUGREPORT=\"marko.vejnovic@hotmail.com\" -DPACKAGE_URL=\"\" -DPACKAGE=\"weechat\" -DVERSION=\"0.1\" -DHAVE_BOOST=/\*\*/ -DHAVE_BOOST_SYSTEM=/\*\*/ -DHAVE_BOOST_FILESYSTEM=/\*\*/'
DEPDIR='.deps'
ECHO_C=''
ECHO_N='-n'
ECHO_T=''
EXEEXT=''
INSTALL_DATA='${INSTALL} -m 644'
INSTALL_PROGRAM='${INSTALL}'
INSTALL_SCRIPT='${INSTALL}'
INSTALL_STRIP_PROGRAM='$(install_sh) -c -s'
LDFLAGS=''
LIBOBJS=''
LIBS=''
LTLIBOBJS=''
MAKEINFO='${SHELL} /home/marko/Desktop/WeeChat/aux-dist/missing makeinfo'
MKDIR_P='/usr/bin/mkdir -p'
OBJEXT='o'
PACKAGE='weechat'
PACKAGE_BUGREPORT='marko.vejnovic@hotmail.com'
PACKAGE_NAME='WeeChat'
PACKAGE_STRING='WeeChat 0.1'
PACKAGE_TARNAME='weechat'
PACKAGE_URL=''
PACKAGE_VERSION='0.1'
PATH_SEPARATOR=':'
PKG_CONFIG='/usr/bin/pkg-config'
PKG_CONFIG_LIBDIR=''
PKG_CONFIG_PATH=''
SET_MAKE=''
SHELL='/bin/sh'
STRIP=''
VERSION='0.1'
WeeChat_CFLAGS='-I/usr/include/gtkmm-3.0 -I/usr/lib64/gtkmm-3.0/include -I/usr/include/atkmm-1.6 -I/usr/include/atk-1.0 -I/usr/include/glib-2.0 -I/usr/lib64/glib-2.0/include -I/usr/include/glibmm-2.4 -I/usr/lib64/glibmm-2.4/include -I/usr/include/sigc++-2.0 -I/usr/lib64/sigc++-2.0/include -I/usr/include/giomm-2.4 -I/usr/lib64/giomm-2.4/include -I/usr/include/pangomm-1.4 -I/usr/lib64/pangomm-1.4/include -I/usr/include/cairomm-1.0 -I/usr/lib64/cairomm-1.0/include -I/usr/include/cairo -I/usr/include/pixman-1 -I/usr/include/freetype2 -I/usr/include/libpng16 -I/usr/include/pango-1.0 -I/usr/include/harfbuzz -I/usr/include/gtk-3.0 -I/usr/include/gdk-pixbuf-2.0 -I/usr/include/gio-unix-2.0/ -I/usr/include/at-spi2-atk/2.0 -I/usr/include/at-spi-2.0 -I/usr/include/dbus-1.0 -I/usr/lib64/dbus-1.0/include -I/usr/include/gtk-3.0/unix-print -I/usr/include/gdkmm-3.0 -I/usr/lib64/gdkmm-3.0/include -pthread '
WeeChat_LIBS='-lgtkmm-3.0 -latkmm-1.6 -lgdkmm-3.0 -lgiomm-2.4 -lpangomm-1.4 -lglibmm-2.4 -lgtk-3 -lgdk-3 -lpangocairo-1.0 -lpango-1.0 -latk-1.0 -lcairo-gobject -lgio-2.0 -lcairomm-1.0 -lcairo -lsigc-2.0 -lgdk_pixbuf-2.0 -lgobject-2.0 -lglib-2.0 '
ac_ct_CC='gcc'
ac_ct_CXX='g++'
am__EXEEXT_FALSE=''
am__EXEEXT_TRUE='#'
am__fastdepCC_FALSE='#'
am__fastdepCC_TRUE=''
am__fastdepCXX_FALSE='#'
am__fastdepCXX_TRUE=''
am__include='include'
am__isrc=''
am__leading_dot='.'
am__nodep='_no'
am__quote=''
am__tar='$${TAR-tar} chof - "$$tardir"'
am__untar='$${TAR-tar} xf -'
bindir='${exec_prefix}/bin'
build='x86_64-pc-linux-gnu'
build_alias=''
build_cpu='x86_64'
build_os='linux-gnu'
build_vendor='pc'
datadir='${datarootdir}'
datarootdir='${prefix}/share'
docdir='${datarootdir}/doc/${PACKAGE_TARNAME}'
dvidir='${docdir}'
exec_prefix='${prefix}'
host='x86_64-pc-linux-gnu'
host_alias=''
host_cpu='x86_64'
host_os='linux-gnu'
host_vendor='pc'
htmldir='${docdir}'
includedir='${prefix}/include'
infodir='${datarootdir}/info'
install_sh='${SHELL} /home/marko/Desktop/WeeChat/aux-dist/install-sh'
libdir='${exec_prefix}/lib'
libexecdir='${exec_prefix}/libexec'
localedir='${datarootdir}/locale'
localstatedir='${prefix}/var'
mandir='${datarootdir}/man'
mkdir_p='$(MKDIR_P)'
oldincludedir='/usr/include'
pdfdir='${docdir}'
prefix='/usr/local'
program_transform_name='s,x,x,'
psdir='${docdir}'
sbindir='${exec_prefix}/sbin'
sharedstatedir='${prefix}/com'
sysconfdir='${prefix}/etc'
target_alias=''

## ----------- ##
## confdefs.h. ##
## ----------- ##

/* confdefs.h */
#define PACKAGE_NAME "WeeChat"
#define PACKAGE_TARNAME "weechat"
#define PACKAGE_VERSION "0.1"
#define PACKAGE_STRING "WeeChat 0.1"
#define PACKAGE_BUGREPORT "marko.vejnovic@hotmail.com"
#define PACKAGE_URL ""
#define PACKAGE "weechat"
#define VERSION "0.1"
#define HAVE_BOOST /**/
#define HAVE_BOOST_SYSTEM /**/
#define HAVE_BOOST_FILESYSTEM /**/

configure: exit 0
